<?xml version="1.0" encoding="UTF-8"?>
<!-- Generated by org.testng.reporters.JUnitXMLReporter -->
<testsuite ignored="0" hostname="AghilMaghil" failures="0" tests="7" name="RegressionTest" time="35.994" errors="0" timestamp="2023-12-09T20:45:01 IST">
  <testcase classname="vikramnewproject.testcases.Register" name="verifyRegisterAnAccountwithMandatoryFields" time="0.381"/>
  <testcase classname="vikramnewproject.testcases.Register" name="verifyRegisterAnAccountwithEmptyFields" time="0.207"/>
  <testcase classname="vikramnewproject.testcases.Register" name="verifyRegisterAnAccountwithSubscribeMandatoryFields" time="0.404"/>
  <testcase classname="vikramnewproject.testcases.Login" name="verifyLoginCredentials" time="0.443"/>
  <testcase classname="vikramnewproject.testcases.Login" name="verifyLoginWithInvalidemailValidPassCredentials" time="0.388"/>
  <testcase classname="vikramnewproject.testcases.Login" name="verifyLoginWithInvalidpassvalidemailCredentials" time="0.371"/>
  <testcase classname="vikramnewproject.testcases.Login" name="verifyLoginWithInvalidpassinvalidemailCredentials" time="0.384"/>
</testsuite> <!-- RegressionTest -->
